[debug] [2025-09-18T04:50:40.549Z] ----------------------------------------------------------------------
[debug] [2025-09-18T04:50:40.561Z] Command:       C:\Program Files\nodejs\node.exe C:\Users\prasa\AppData\Roaming\npm\node_modules\firebase-tools\lib\bin\firebase.js init
[debug] [2025-09-18T04:50:40.562Z] CLI Version:   14.11.1
[debug] [2025-09-18T04:50:40.562Z] Platform:      win32
[debug] [2025-09-18T04:50:40.562Z] Node Version:  v22.18.0
[debug] [2025-09-18T04:50:40.563Z] Time:          Thu Sep 18 2025 10:20:40 GMT+0530 (India Standard Time)
[debug] [2025-09-18T04:50:40.563Z] ----------------------------------------------------------------------
[debug] 
[debug] [2025-09-18T04:50:40.567Z] >>> [apiv2][query] GET https://firebase-public.firebaseio.com/cli.json [none]
[debug] [2025-09-18T04:50:40.676Z] > command requires scopes: ["email","openid","https://www.googleapis.com/auth/cloudplatformprojects.readonly","https://www.googleapis.com/auth/firebase","https://www.googleapis.com/auth/cloud-platform"]
[debug] [2025-09-18T04:50:40.676Z] > authorizing via signed-in user (proxyprasanna@gmail.com)
[info] 
     ######## #### ########  ######## ########     ###     ######  ########
     ##        ##  ##     ## ##       ##     ##  ##   ##  ##       ##
     ######    ##  ########  ######   ########  #########  ######  ######
     ##        ##  ##    ##  ##       ##     ## ##     ##       ## ##
     ##       #### ##     ## ######## ########  ##     ##  ######  ########

You're about to initialize a Firebase project in this directory:

  D:\Task\Java Script\JS-TASKS\facebook-page user authentication mock-api

[debug] [2025-09-18T04:50:41.349Z] <<< [apiv2][status] GET https://firebase-public.firebaseio.com/cli.json 200
[debug] [2025-09-18T04:50:41.350Z] <<< [apiv2][body] GET https://firebase-public.firebaseio.com/cli.json {"cloudBuildErrorAfter":1594252800000,"cloudBuildWarnAfter":1590019200000,"defaultNode10After":1594252800000,"minVersion":"3.0.5","node8DeploysDisabledAfter":1613390400000,"node8RuntimeDisabledAfter":1615809600000,"node8WarnAfter":1600128000000}
[info] 
=== Project Setup
[info] 
[info] First, let's associate this project directory with a Firebase project.
[info] You can create multiple project aliases by running firebase use --add, 
[info] but for now we'll just set up a default project.
[info] 
[debug] [2025-09-18T04:50:49.586Z] Checked if tokens are valid: false, expires at: 1757403439379
[debug] [2025-09-18T04:50:49.587Z] Checked if tokens are valid: false, expires at: 1757403439379
[debug] [2025-09-18T04:50:49.587Z] > refreshing access token with scopes: []
[debug] [2025-09-18T04:50:49.588Z] >>> [apiv2][query] POST https://www.googleapis.com/oauth2/v3/token [none]
[debug] [2025-09-18T04:50:49.588Z] >>> [apiv2][body] POST https://www.googleapis.com/oauth2/v3/token [omitted]
[debug] [2025-09-18T04:50:50.014Z] <<< [apiv2][status] POST https://www.googleapis.com/oauth2/v3/token 200
[debug] [2025-09-18T04:50:50.014Z] <<< [apiv2][body] POST https://www.googleapis.com/oauth2/v3/token [omitted]
[debug] [2025-09-18T04:50:50.025Z] >>> [apiv2][query] GET https://firebase.googleapis.com/v1beta1/projects pageSize=100
[debug] [2025-09-18T04:50:51.049Z] <<< [apiv2][status] GET https://firebase.googleapis.com/v1beta1/projects 200
[debug] [2025-09-18T04:50:51.049Z] <<< [apiv2][body] GET https://firebase.googleapis.com/v1beta1/projects [omitted]
